Added Component: Designator=C1(C0805)
Added Component: Designator=C2(C0805)
Added Component: Designator=C3(C0805)
Added Component: Designator=C4(C0805)
Added Component: Designator=P1(HDR1X2)
Added Component: Designator=P2(HDR1X2)
Added Component: Designator=R1(2012[0805])
Added Component: Designator=R2(AXIAL-0.3)
Added Component: Designator=R3(2012[0805])
Added Component: Designator=U1(693-02)
Added Pin To Net: NetName=GND Pin=C1-2
Added Pin To Net: NetName=GND Pin=C2-2
Added Pin To Net: NetName=GND Pin=C3-2
Added Pin To Net: NetName=GND Pin=C4-2
Added Pin To Net: NetName=GND Pin=P1-2
Added Pin To Net: NetName=GND Pin=P2-2
Added Net: Name=GND
Added Pin To Net: NetName=IN Pin=U1-3
Added Net: Name=IN
Added Pin To Net: NetName=NetP1_1 Pin=P1-1
Added Pin To Net: NetName=NetP1_1 Pin=R1-2
Added Net: Name=NetP1_1
Added Pin To Net: NetName=NetP2_1 Pin=P2-1
Added Pin To Net: NetName=NetP2_1 Pin=R3-2
Added Net: Name=NetP2_1
Added Pin To Net: NetName=NetR2_1 Pin=R2-1
Added Pin To Net: NetName=NetR2_1 Pin=U1-2
Added Net: Name=NetR2_1
Added Pin To Net: NetName=OUT Pin=R2-2
Added Pin To Net: NetName=OUT Pin=U1-6
Added Net: Name=OUT
Added Pin To Net: NetName=VCC Pin=C1-1
Added Pin To Net: NetName=VCC Pin=C2-1
Added Pin To Net: NetName=VCC Pin=R1-1
Added Pin To Net: NetName=VCC Pin=U1-7
Added Net: Name=VCC
Added Pin To Net: NetName=VSS Pin=C3-1
Added Pin To Net: NetName=VSS Pin=C4-1
Added Pin To Net: NetName=VSS Pin=R3-1
Added Pin To Net: NetName=VSS Pin=U1-4
Added Net: Name=VSS
Added Class: Name=AmpliHugo
Added Room: Name=AmpliHugo
