Added Component: Designator=C?(C0805)
Added Component: Designator=C?(C0805)
Added Component: Designator=C?(C0805)
Added Component: Designator=C?(C0805)
Added Component: Designator=P?(HDR1X2)
Added Component: Designator=P?(HDR1X2)
Added Component: Designator=R?(2012[0805])
Added Component: Designator=R?(2012[0805])
Added Component: Designator=R?(AXIAL-0.3)
Added Component: Designator=U?(693-02)
Added Pin To Net: NetName=GND Pin=C?-2
Added Pin To Net: NetName=GND Pin=C?-2
Added Pin To Net: NetName=GND Pin=C?-2
Added Pin To Net: NetName=GND Pin=C?-2
Added Pin To Net: NetName=GND Pin=P?-2
Added Pin To Net: NetName=GND Pin=P?-2
Added Net: Name=GND
Added Pin To Net: NetName=IN Pin=U?-3
Added Net: Name=IN
Added Pin To Net: NetName=NetP?_1 Pin=P?-1
Added Pin To Net: NetName=NetP?_1 Pin=R?-2
Added Net: Name=NetP?_1
Added Pin To Net: NetName=NetR?_1 Pin=R?-1
Added Pin To Net: NetName=NetR?_1 Pin=U?-2
Added Net: Name=NetR?_1
Added Pin To Net: NetName=OUT Pin=R?-2
Added Pin To Net: NetName=OUT Pin=U?-6
Added Net: Name=OUT
Added Pin To Net: NetName=VCC Pin=C?-1
Added Pin To Net: NetName=VCC Pin=C?-1
Added Pin To Net: NetName=VCC Pin=R?-1
Added Pin To Net: NetName=VCC Pin=U?-7
Added Net: Name=VCC
Added Pin To Net: NetName=VSS Pin=C?-1
Added Pin To Net: NetName=VSS Pin=C?-1
Added Pin To Net: NetName=VSS Pin=R?-1
Added Pin To Net: NetName=VSS Pin=U?-4
Added Net: Name=VSS
Added Class: Name=AmpliHugo
Added Room: Name=AmpliHugo
