Added Component: Designator=C1(SMA2-pequeño)
Added Component: Designator=C2(SMA2-pequeño)
Added Component: Designator=P1(Header2_Vertical)
Added Component: Designator=P2(Header2_Vertical)
Added Pin To Net: NetName=GND Pin=C1-2
Added Pin To Net: NetName=GND Pin=C1-3
Added Pin To Net: NetName=GND Pin=C1-4
Added Pin To Net: NetName=GND Pin=C1-5
Added Pin To Net: NetName=GND Pin=C2-2
Added Pin To Net: NetName=GND Pin=C2-3
Added Pin To Net: NetName=GND Pin=C2-4
Added Pin To Net: NetName=GND Pin=C2-5
Added Pin To Net: NetName=GND Pin=P2-1
Added Pin To Net: NetName=GND Pin=P2-2
Added Net: Name=GND
Added Pin To Net: NetName=NetC1_1 Pin=C1-1
Added Pin To Net: NetName=NetC1_1 Pin=P1-2
Added Net: Name=NetC1_1
Added Pin To Net: NetName=NetC2_1 Pin=C2-1
Added Pin To Net: NetName=NetC2_1 Pin=P1-1
Added Net: Name=NetC2_1
Added Class: Name=Hugo3D
Added Room: Name=Hugo3D
