Added Component: Designator=C1(C0805)
Added Component: Designator=C2(C0805)
Added Component: Designator=C3(C0805)
Added Component: Designator=C4(C0805)
Added Component: Designator=P1(HDR1X2)
Added Component: Designator=P2(HDR1X2)
Added Component: Designator=R1(2012[0805])
Added Component: Designator=R2(2012[0805])
Added Component: Designator=U1(D008_M)
Added Pin To Net: NetName=VCC Pin=C1-1
Added Pin To Net: NetName=GND Pin=C1-2
Added Pin To Net: NetName=VCC Pin=C2-1
Added Pin To Net: NetName=GND Pin=C2-2
Added Pin To Net: NetName=VSS Pin=C3-1
Added Pin To Net: NetName=GND Pin=C3-2
Added Pin To Net: NetName=VSS Pin=C4-1
Added Pin To Net: NetName=GND Pin=C4-2
Added Pin To Net: NetName=VCC Pin=P1-1
Added Pin To Net: NetName=GND Pin=P1-2
Added Pin To Net: NetName=VSS Pin=P2-1
Added Pin To Net: NetName=GND Pin=P2-2
Added Pin To Net: NetName=IN Pin=R1-1
Added Pin To Net: NetName=NODEX Pin=R1-2
Added Pin To Net: NetName=NODEX Pin=R2-1
Added Pin To Net: NetName=OUT Pin=R2-2
Added Pin To Net: NetName=NODEX Pin=U1-2
Added Pin To Net: NetName=GND Pin=U1-3
Added Pin To Net: NetName=VSS Pin=U1-4
Added Pin To Net: NetName=OUT Pin=U1-6
Added Pin To Net: NetName=VCC Pin=U1-7
Added Member To Class: ClassName=LM7171SMD Member=Component C1 Cap Pol3
Added Member To Class: ClassName=LM7171SMD Member=Component C2 Cap Pol3
Added Member To Class: ClassName=LM7171SMD Member=Component C3 Cap Pol3
Added Member To Class: ClassName=LM7171SMD Member=Component C4 Cap Pol3
Added Member To Class: ClassName=LM7171SMD Member=Component P1 Header 2
Added Member To Class: ClassName=LM7171SMD Member=Component P2 Header 2
Added Member To Class: ClassName=LM7171SMD Member=Component R1 Res Semi
Added Member To Class: ClassName=LM7171SMD Member=Component R2 Res Semi
Added Member To Class: ClassName=LM7171SMD Member=Component U1 LM7171BIM
Added Room: Name=LM7171SMD
